<?xml version="1.0" encoding="UTF-8"?>
<testsuite name="CommandTest" tests="1" skipped="0" failures="0" errors="0" timestamp="2021-08-25T15:36:07" hostname="Ashleys-MacBook-Pro.local" time="0.062">
  <properties/>
  <testcase name="testCalculator()" classname="CommandTest" time="0.062"/>
  <system-out><![CDATA[You just added €10.5! Total is now: €10.5
Changing your mind? No problem !
You just subtracted €10.5! Total is now: €0.0
You just added €25.45! Total is now: €25.45
You just added €6.0! Total is now: €31.45
You just subtracted €3.0! Total is now: €28.45
Changing your mind? No problem !
You just added €3.0! Total is now: €31.45
]]></system-out>
  <system-err><![CDATA[]]></system-err>
</testsuite>
