<?xml version="1.0" encoding="UTF-8"?>
<testsuite name="DeliveryTest" tests="1" skipped="0" failures="0" errors="0" timestamp="2021-08-12T13:11:24" hostname="DESKTOP-F5QA657" time="0.031">
  <properties/>
  <testcase name="createAndDeliverFood()" classname="DeliveryTest" time="0.031"/>
  <system-out><![CDATA[Just driving around aimlessly
On his way to collect the food
Foodtype: 0
Vegetables: 0
SauceType: 2
MeatType: 0
Durum has been selected, Vegetables , Andalouse , Chicken , Total price is: $6.35
Weaves through traffic not caring about anything, But barely arriving safely at the destination
On his way to collect the food
Foodtype: 2
Vegetables: 0
SauceType: 1
MeatType: 0
Kapsalon has been selected, Vegetables , Ketchup , Chicken , Total price is: $7.9
Drives safely to assure a good and hot delivery takes place
Just driving around aimlessly
]]></system-out>
  <system-err><![CDATA[]]></system-err>
</testsuite>
